#! /home/mohamed/oss-cad-suite-linux-x64-20240721/oss-cad-suite/bin/vvp
:ivl_version "13.0 (devel)" "(s20221226-532-g548010e36)";
:ivl_delay_selection "TYPICAL";
:vpi_time_precision - 12;
:vpi_module "/home/mohamed/oss-cad-suite-linux-x64-20240721/oss-cad-suite/lib/ivl/system.vpi";
:vpi_module "/home/mohamed/oss-cad-suite-linux-x64-20240721/oss-cad-suite/lib/ivl/vhdl_sys.vpi";
:vpi_module "/home/mohamed/oss-cad-suite-linux-x64-20240721/oss-cad-suite/lib/ivl/vhdl_textio.vpi";
:vpi_module "/home/mohamed/oss-cad-suite-linux-x64-20240721/oss-cad-suite/lib/ivl/v2005_math.vpi";
:vpi_module "/home/mohamed/oss-cad-suite-linux-x64-20240721/oss-cad-suite/lib/ivl/va_math.vpi";
S_0x5555558812e0 .scope module, "DataMemory" "DataMemory" 2 2;
 .timescale -9 -12;
    .port_info 0 /INPUT 1 "clk";
    .port_info 1 /INPUT 6 "adder";
    .port_info 2 /INPUT 1 "MemRead";
    .port_info 3 /INPUT 1 "MemWrite";
    .port_info 4 /INPUT 32 "data_in";
    .port_info 5 /INPUT 3 "function3";
    .port_info 6 /OUTPUT 32 "data_out";
P_0x55555584a9c0 .param/l "DEPTH" 0 2 3, +C4<00000000000000000000000001000000>;
P_0x55555584aa00 .param/str "MEM_FILE" 0 2 2, "random_data.txt";
P_0x55555584aa40 .param/l "WIDTH" 0 2 4, +C4<00000000000000000000000000100000>;
v0x55555584add0 .array "MEM", 63 0, 31 0;
o0x7fef84870018 .functor BUFZ 1, c4<z>; HiZ drive
v0x5555558738e0_0 .net "MemRead", 0 0, o0x7fef84870018;  0 drivers
o0x7fef84870048 .functor BUFZ 1, c4<z>; HiZ drive
v0x55555589d7c0_0 .net "MemWrite", 0 0, o0x7fef84870048;  0 drivers
o0x7fef84870078 .functor BUFZ 6, c4<zzzzzz>; HiZ drive
v0x55555589d860_0 .net "adder", 5 0, o0x7fef84870078;  0 drivers
o0x7fef848700a8 .functor BUFZ 1, c4<z>; HiZ drive
v0x55555589d940_0 .net "clk", 0 0, o0x7fef848700a8;  0 drivers
o0x7fef848700d8 .functor BUFZ 32, c4<zzzzzzzzzzzzzzzzzzzzzzzzzzzzzzzz>; HiZ drive
v0x55555589da50_0 .net "data_in", 31 0, o0x7fef848700d8;  0 drivers
v0x55555589db30_0 .var "data_out", 31 0;
o0x7fef84870138 .functor BUFZ 3, c4<zzz>; HiZ drive
v0x55555589dc10_0 .net "function3", 2 0, o0x7fef84870138;  0 drivers
v0x55555589dcf0_0 .var/i "i", 31 0;
E_0x555555883c00 .event posedge, v0x55555589d940_0;
    .scope S_0x5555558812e0;
T_0 ;
    %pushi/vec4 0, 0, 32;
    %store/vec4 v0x55555589dcf0_0, 0, 32;
T_0.0 ; Top of for-loop
    %load/vec4 v0x55555589dcf0_0;
    %cmpi/s 64, 0, 32;
	  %jmp/0xz T_0.1, 5;
    %pushi/vec4 0, 0, 32;
    %ix/getv/s 4, v0x55555589dcf0_0;
    %store/vec4a v0x55555584add0, 4, 0;
T_0.2 ; for-loop step statement
    %load/vec4 v0x55555589dcf0_0;
    %addi 1, 0, 32;
    %store/vec4 v0x55555589dcf0_0, 0, 32;
    %jmp T_0.0;
T_0.1 ; for-loop exit label
    %vpi_call 2 26 "$readmemh", P_0x55555584aa00, v0x55555584add0 {0 0 0};
    %end;
    .thread T_0;
    .scope S_0x5555558812e0;
T_1 ;
    %wait E_0x555555883c00;
    %load/vec4 v0x55555589d7c0_0;
    %flag_set/vec4 9;
    %flag_get/vec4 9;
    %jmp/0 T_1.2, 9;
    %load/vec4 v0x55555589dc10_0;
    %pushi/vec4 0, 0, 3;
    %cmp/e;
    %flag_get/vec4 4;
    %and;
T_1.2;
    %flag_set/vec4 8;
    %jmp/0xz  T_1.0, 8;
    %load/vec4 v0x55555589da50_0;
    %pad/u 8;
    %load/vec4 v0x55555589d860_0;
    %pad/u 8;
    %ix/vec4 3;
    %ix/load 4, 0, 0; Constant delay
    %assign/vec4/a/d v0x55555584add0, 0, 4;
    %jmp T_1.1;
T_1.0 ;
    %load/vec4 v0x55555589d7c0_0;
    %flag_set/vec4 9;
    %flag_get/vec4 9;
    %jmp/0 T_1.5, 9;
    %load/vec4 v0x55555589dc10_0;
    %pushi/vec4 1, 0, 3;
    %cmp/e;
    %flag_get/vec4 4;
    %and;
T_1.5;
    %flag_set/vec4 8;
    %jmp/0xz  T_1.3, 8;
    %load/vec4 v0x55555589da50_0;
    %pad/u 16;
    %load/vec4 v0x55555589d860_0;
    %pad/u 8;
    %ix/vec4 3;
    %ix/load 4, 0, 0; Constant delay
    %assign/vec4/a/d v0x55555584add0, 0, 4;
    %jmp T_1.4;
T_1.3 ;
    %load/vec4 v0x55555589d7c0_0;
    %flag_set/vec4 9;
    %flag_get/vec4 9;
    %jmp/0 T_1.8, 9;
    %load/vec4 v0x55555589dc10_0;
    %pushi/vec4 2, 0, 3;
    %cmp/e;
    %flag_get/vec4 4;
    %and;
T_1.8;
    %flag_set/vec4 8;
    %jmp/0xz  T_1.6, 8;
    %load/vec4 v0x55555589da50_0;
    %load/vec4 v0x55555589d860_0;
    %pad/u 8;
    %ix/vec4 3;
    %ix/load 4, 0, 0; Constant delay
    %assign/vec4/a/d v0x55555584add0, 0, 4;
T_1.6 ;
T_1.4 ;
T_1.1 ;
    %jmp T_1;
    .thread T_1;
    .scope S_0x5555558812e0;
T_2 ;
    %wait E_0x555555883c00;
    %load/vec4 v0x5555558738e0_0;
    %flag_set/vec4 9;
    %flag_get/vec4 9;
    %jmp/0 T_2.2, 9;
    %load/vec4 v0x55555589dc10_0;
    %pushi/vec4 0, 0, 3;
    %cmp/e;
    %flag_get/vec4 4;
    %and;
T_2.2;
    %flag_set/vec4 8;
    %jmp/0xz  T_2.0, 8;
    %load/vec4 v0x55555589d860_0;
    %pad/u 8;
    %ix/vec4 4;
    %load/vec4a v0x55555584add0, 4;
    %parti/s 1, 31, 6;
    %replicate 24;
    %load/vec4 v0x55555589d860_0;
    %pad/u 8;
    %ix/vec4 4;
    %load/vec4a v0x55555584add0, 4;
    %parti/s 8, 0, 2;
    %concat/vec4; draw_concat_vec4
    %assign/vec4 v0x55555589db30_0, 0;
    %jmp T_2.1;
T_2.0 ;
    %load/vec4 v0x5555558738e0_0;
    %flag_set/vec4 9;
    %flag_get/vec4 9;
    %jmp/0 T_2.5, 9;
    %load/vec4 v0x55555589dc10_0;
    %pushi/vec4 1, 0, 3;
    %cmp/e;
    %flag_get/vec4 4;
    %and;
T_2.5;
    %flag_set/vec4 8;
    %jmp/0xz  T_2.3, 8;
    %load/vec4 v0x55555589d860_0;
    %pad/u 8;
    %ix/vec4 4;
    %load/vec4a v0x55555584add0, 4;
    %parti/s 1, 31, 6;
    %replicate 16;
    %load/vec4 v0x55555589d860_0;
    %pad/u 8;
    %ix/vec4 4;
    %load/vec4a v0x55555584add0, 4;
    %parti/s 16, 0, 2;
    %concat/vec4; draw_concat_vec4
    %assign/vec4 v0x55555589db30_0, 0;
    %jmp T_2.4;
T_2.3 ;
    %load/vec4 v0x5555558738e0_0;
    %flag_set/vec4 9;
    %flag_get/vec4 9;
    %jmp/0 T_2.8, 9;
    %load/vec4 v0x55555589dc10_0;
    %pushi/vec4 2, 0, 3;
    %cmp/e;
    %flag_get/vec4 4;
    %and;
T_2.8;
    %flag_set/vec4 8;
    %jmp/0xz  T_2.6, 8;
    %load/vec4 v0x55555589d860_0;
    %pad/u 8;
    %ix/vec4 4;
    %load/vec4a v0x55555584add0, 4;
    %assign/vec4 v0x55555589db30_0, 0;
    %jmp T_2.7;
T_2.6 ;
    %load/vec4 v0x5555558738e0_0;
    %flag_set/vec4 9;
    %flag_get/vec4 9;
    %jmp/0 T_2.11, 9;
    %load/vec4 v0x55555589dc10_0;
    %pushi/vec4 4, 0, 3;
    %cmp/e;
    %flag_get/vec4 4;
    %and;
T_2.11;
    %flag_set/vec4 8;
    %jmp/0xz  T_2.9, 8;
    %pushi/vec4 0, 0, 24;
    %load/vec4 v0x55555589d860_0;
    %pad/u 8;
    %ix/vec4 4;
    %load/vec4a v0x55555584add0, 4;
    %parti/s 8, 0, 2;
    %concat/vec4; draw_concat_vec4
    %assign/vec4 v0x55555589db30_0, 0;
    %jmp T_2.10;
T_2.9 ;
    %load/vec4 v0x5555558738e0_0;
    %flag_set/vec4 9;
    %flag_get/vec4 9;
    %jmp/0 T_2.14, 9;
    %load/vec4 v0x55555589dc10_0;
    %pushi/vec4 5, 0, 3;
    %cmp/e;
    %flag_get/vec4 4;
    %and;
T_2.14;
    %flag_set/vec4 8;
    %jmp/0xz  T_2.12, 8;
    %pushi/vec4 0, 0, 16;
    %load/vec4 v0x55555589d860_0;
    %pad/u 8;
    %ix/vec4 4;
    %load/vec4a v0x55555584add0, 4;
    %parti/s 16, 0, 2;
    %concat/vec4; draw_concat_vec4
    %assign/vec4 v0x55555589db30_0, 0;
    %jmp T_2.13;
T_2.12 ;
    %pushi/vec4 0, 0, 32;
    %assign/vec4 v0x55555589db30_0, 0;
T_2.13 ;
T_2.10 ;
T_2.7 ;
T_2.4 ;
T_2.1 ;
    %jmp T_2;
    .thread T_2;
# The file index is used to find the file name in the following table.
:file_names 3;
    "N/A";
    "<interactive>";
    "/home/mohamed/RISC32I/DataMemory.v";
